2013-03-11 00:06:47.480 [main] INFO    com.objectaid.uml.model.manage.DiagramManager getFactories: com.objectaid.uml.diagramFactories[ucls]: com.objectaid.uml.cls.model.ClassDiagramFactory@1c853c1
2013-03-11 00:06:47.504 [main] INFO    com.objectaid.uml.model.manage.DiagramManager getFactories: com.objectaid.uml.diagramFactories[useq]: com.objectaid.uml.seq.model.SequenceDiagramFactory@9b7ed3
2013-03-11 00:06:47.607 [main] WARNING com.objectaid.uml.util.EclipseHelper loadClass: cannot find com.objectaid.uml.addon.doc.TextLink in [], no license for [com.objectaid.uml.addon]
2013-03-11 00:06:47.607 [main] WARNING com.objectaid.uml.util.EclipseHelper loadClass: cannot find com.objectaid.uml.addon.doc.TextLinkEditPart in [], no license for [com.objectaid.uml.addon]
2013-03-11 00:06:47.608 [main] WARNING com.objectaid.uml.util.EclipseHelper loadClass: cannot find com.objectaid.uml.addon.doc.PTextLink in [], no license for [com.objectaid.uml.addon]
2013-03-11 00:06:47.609 [main] WARNING com.objectaid.uml.util.EclipseHelper loadClass: cannot find com.objectaid.uml.model.diagram.ConnectionEnd in [], no license for [com.objectaid.uml.addon]
2013-03-11 00:06:47.609 [main] WARNING com.objectaid.uml.util.EclipseHelper loadClass: cannot find com.objectaid.uml.model.persistence.PersistedConnectionEnd in [], no license for [com.objectaid.uml.addon]
2013-03-11 00:06:47.610 [main] WARNING com.objectaid.uml.util.EclipseHelper loadClass: cannot find com.objectaid.uml.addon.doc.TextNodeDefinition in [com.objectaid.uml.cls], no license for [com.objectaid.uml.addon]
2013-03-11 00:06:47.931 [main] INFO    com.objectaid.uml.model.manage.LanguageElementManager getLanguageElementFactories: com.objectaid.uml.languageElementFactories: com.objectaid.uml.java.JavaElementFactory
2013-03-11 00:06:48.238 [main] INFO    com.objectaid.uml.util.extend.ExecutableExtensionManager loadExtensions: found com.objectaid.uml.renderFormats=com.objectaid.uml.render.RasterRenderFormat
2013-03-11 00:06:48.242 [main] INFO    com.objectaid.uml.util.extend.ExecutableExtensionManager loadExtensions: found com.objectaid.uml.renderFormats=com.objectaid.uml.render.RasterRenderFormat
2013-03-11 00:06:48.243 [main] INFO    com.objectaid.uml.util.extend.ExecutableExtensionManager loadExtensions: found com.objectaid.uml.renderFormats=com.objectaid.uml.render.IndexedRasterRenderFormat
2013-03-11 00:06:48.246 [main] WARNING com.objectaid.uml.util.EclipseHelper loadClass: cannot find com.objectaid.uml.addon.render.SVGRenderFormat in [], no license for [com.objectaid.uml.addon]
2013-03-11 00:06:48.246 [main] INFO    com.objectaid.uml.util.extend.ExecutableExtensionManager loadExtensions: found com.objectaid.uml.renderFormats=com.objectaid.uml.addon.render.SVGRenderFormat but cannot load class
2013-03-11 00:06:48.246 [main] WARNING com.objectaid.uml.util.EclipseHelper loadClass: cannot find com.objectaid.uml.addon.render.PDFRenderFormat in [], no license for [com.objectaid.uml.addon]
2013-03-11 00:06:48.246 [main] INFO    com.objectaid.uml.util.extend.ExecutableExtensionManager loadExtensions: found com.objectaid.uml.renderFormats=com.objectaid.uml.addon.render.PDFRenderFormat but cannot load class
2013-03-11 00:06:56.552 [main] WARNING com.objectaid.uml.util.EclipseHelper loadClass: cannot find com.objectaid.uml.addon.doc.TextDiagramEditPolicy in [], no license for [com.objectaid.uml.addon]
2013-03-11 00:06:56.587 [main] WARNING com.objectaid.uml.util.EclipseHelper loadClass: cannot find com.objectaid.uml.addon.doc.TextLinkCreationEditPolicy in [], no license for [com.objectaid.uml.addon]
2013-03-11 00:06:56.682 [main] WARNING com.objectaid.uml.util.EclipseHelper loadClass: cannot find com.objectaid.uml.addon.doc.TextLinkCreationEditPolicy in [], no license for [com.objectaid.uml.addon]
2013-03-11 00:06:56.697 [main] WARNING com.objectaid.uml.util.EclipseHelper loadClass: cannot find com.objectaid.uml.addon.edit.MultiplicityDirectEditPolicy in [], no license for [com.objectaid.uml.addon]
2013-03-11 00:06:56.698 [main] WARNING com.objectaid.uml.util.EclipseHelper loadClass: cannot find com.objectaid.uml.addon.doc.TextLinkCreationEditPolicy in [], no license for [com.objectaid.uml.addon]
2013-03-11 00:06:56.699 [main] WARNING com.objectaid.uml.util.EclipseHelper loadClass: cannot find com.objectaid.uml.addon.edit.MultiplicityDirectEditPolicy in [], no license for [com.objectaid.uml.addon]
2013-03-11 00:06:56.699 [main] WARNING com.objectaid.uml.util.EclipseHelper loadClass: cannot find com.objectaid.uml.addon.doc.TextLinkCreationEditPolicy in [], no license for [com.objectaid.uml.addon]
2013-03-11 00:06:56.701 [main] WARNING com.objectaid.uml.util.EclipseHelper loadClass: cannot find com.objectaid.uml.addon.doc.TextLinkCreationEditPolicy in [], no license for [com.objectaid.uml.addon]
2013-03-11 00:06:56.702 [main] WARNING com.objectaid.uml.util.EclipseHelper loadClass: cannot find com.objectaid.uml.addon.edit.MultiplicityDirectEditPolicy in [], no license for [com.objectaid.uml.addon]
2013-03-11 00:06:56.703 [main] WARNING com.objectaid.uml.util.EclipseHelper loadClass: cannot find com.objectaid.uml.addon.doc.TextLinkCreationEditPolicy in [], no license for [com.objectaid.uml.addon]
2013-03-11 00:06:56.704 [main] WARNING com.objectaid.uml.util.EclipseHelper loadClass: cannot find com.objectaid.uml.addon.edit.MultiplicityDirectEditPolicy in [], no license for [com.objectaid.uml.addon]
2013-03-11 00:06:56.704 [main] WARNING com.objectaid.uml.util.EclipseHelper loadClass: cannot find com.objectaid.uml.addon.doc.TextLinkCreationEditPolicy in [], no license for [com.objectaid.uml.addon]
2013-03-11 00:06:56.706 [main] WARNING com.objectaid.uml.util.EclipseHelper loadClass: cannot find com.objectaid.uml.addon.doc.TextLinkCreationEditPolicy in [], no license for [com.objectaid.uml.addon]
2013-03-11 00:06:56.706 [main] WARNING com.objectaid.uml.util.EclipseHelper loadClass: cannot find com.objectaid.uml.addon.edit.MultiplicityDirectEditPolicy in [], no license for [com.objectaid.uml.addon]
2013-03-11 00:06:56.707 [main] WARNING com.objectaid.uml.util.EclipseHelper loadClass: cannot find com.objectaid.uml.addon.doc.TextLinkCreationEditPolicy in [], no license for [com.objectaid.uml.addon]
2013-03-11 00:06:56.710 [main] WARNING com.objectaid.uml.util.EclipseHelper loadClass: cannot find com.objectaid.uml.addon.doc.TextLinkCreationEditPolicy in [], no license for [com.objectaid.uml.addon]
2013-03-11 00:06:56.710 [main] WARNING com.objectaid.uml.util.EclipseHelper loadClass: cannot find com.objectaid.uml.addon.doc.TextLinkCreationEditPolicy in [], no license for [com.objectaid.uml.addon]
2013-03-11 00:06:56.711 [main] WARNING com.objectaid.uml.util.EclipseHelper loadClass: cannot find com.objectaid.uml.addon.doc.TextLinkCreationEditPolicy in [], no license for [com.objectaid.uml.addon]
2013-03-11 00:06:56.711 [main] WARNING com.objectaid.uml.util.EclipseHelper loadClass: cannot find com.objectaid.uml.addon.doc.TextLinkCreationEditPolicy in [], no license for [com.objectaid.uml.addon]
2013-03-11 00:06:56.712 [main] WARNING com.objectaid.uml.util.EclipseHelper loadClass: cannot find com.objectaid.uml.addon.doc.TextLinkCreationEditPolicy in [], no license for [com.objectaid.uml.addon]
2013-03-11 00:06:56.712 [main] WARNING com.objectaid.uml.util.EclipseHelper loadClass: cannot find com.objectaid.uml.addon.doc.TextLinkCreationEditPolicy in [], no license for [com.objectaid.uml.addon]
2013-03-11 00:06:56.712 [main] WARNING com.objectaid.uml.util.EclipseHelper loadClass: cannot find com.objectaid.uml.addon.doc.TextLinkCreationEditPolicy in [], no license for [com.objectaid.uml.addon]
2013-03-11 00:06:56.715 [main] WARNING com.objectaid.uml.util.EclipseHelper loadClass: cannot find com.objectaid.uml.addon.doc.TextLinkCreationEditPolicy in [], no license for [com.objectaid.uml.addon]
2013-03-11 00:06:56.718 [main] WARNING com.objectaid.uml.util.EclipseHelper loadClass: cannot find com.objectaid.uml.addon.doc.TextLinkCreationEditPolicy in [], no license for [com.objectaid.uml.addon]
2013-03-11 00:06:56.719 [main] WARNING com.objectaid.uml.util.EclipseHelper loadClass: cannot find com.objectaid.uml.addon.doc.TextLinkCreationEditPolicy in [], no license for [com.objectaid.uml.addon]
2013-03-11 00:06:56.721 [main] WARNING com.objectaid.uml.util.EclipseHelper loadClass: cannot find com.objectaid.uml.addon.doc.TextLinkCreationEditPolicy in [], no license for [com.objectaid.uml.addon]
2013-03-11 00:06:56.721 [main] WARNING com.objectaid.uml.util.EclipseHelper loadClass: cannot find com.objectaid.uml.addon.doc.TextLinkCreationEditPolicy in [], no license for [com.objectaid.uml.addon]
2013-03-11 00:06:56.722 [main] WARNING com.objectaid.uml.util.EclipseHelper loadClass: cannot find com.objectaid.uml.addon.edit.MultiplicityDirectEditPolicy in [], no license for [com.objectaid.uml.addon]
2013-03-11 00:06:56.722 [main] WARNING com.objectaid.uml.util.EclipseHelper loadClass: cannot find com.objectaid.uml.addon.doc.TextLinkCreationEditPolicy in [], no license for [com.objectaid.uml.addon]
2013-03-11 00:06:56.723 [main] WARNING com.objectaid.uml.util.EclipseHelper loadClass: cannot find com.objectaid.uml.addon.edit.MultiplicityDirectEditPolicy in [], no license for [com.objectaid.uml.addon]
2013-03-11 00:06:56.723 [main] WARNING com.objectaid.uml.util.EclipseHelper loadClass: cannot find com.objectaid.uml.addon.doc.TextLinkCreationEditPolicy in [], no license for [com.objectaid.uml.addon]
2013-03-11 00:06:56.725 [main] WARNING com.objectaid.uml.util.EclipseHelper loadClass: cannot find com.objectaid.uml.addon.doc.TextLinkCreationEditPolicy in [], no license for [com.objectaid.uml.addon]
2013-03-11 00:06:56.726 [main] WARNING com.objectaid.uml.util.EclipseHelper loadClass: cannot find com.objectaid.uml.addon.edit.MultiplicityDirectEditPolicy in [], no license for [com.objectaid.uml.addon]
2013-03-11 00:06:56.726 [main] WARNING com.objectaid.uml.util.EclipseHelper loadClass: cannot find com.objectaid.uml.addon.doc.TextLinkCreationEditPolicy in [], no license for [com.objectaid.uml.addon]
2013-03-11 00:06:56.727 [main] WARNING com.objectaid.uml.util.EclipseHelper loadClass: cannot find com.objectaid.uml.addon.doc.TextLinkCreationEditPolicy in [], no license for [com.objectaid.uml.addon]
2013-03-11 00:06:56.728 [main] WARNING com.objectaid.uml.util.EclipseHelper loadClass: cannot find com.objectaid.uml.addon.doc.TextLinkCreationEditPolicy in [], no license for [com.objectaid.uml.addon]
2013-03-11 00:06:56.729 [main] WARNING com.objectaid.uml.util.EclipseHelper loadClass: cannot find com.objectaid.uml.addon.doc.TextLinkCreationEditPolicy in [], no license for [com.objectaid.uml.addon]
2013-03-11 00:06:56.729 [main] WARNING com.objectaid.uml.util.EclipseHelper loadClass: cannot find com.objectaid.uml.addon.edit.MultiplicityDirectEditPolicy in [], no license for [com.objectaid.uml.addon]
2013-03-11 00:06:56.730 [main] WARNING com.objectaid.uml.util.EclipseHelper loadClass: cannot find com.objectaid.uml.addon.doc.TextLinkCreationEditPolicy in [], no license for [com.objectaid.uml.addon]
2013-03-11 00:06:56.731 [main] WARNING com.objectaid.uml.util.EclipseHelper loadClass: cannot find com.objectaid.uml.addon.doc.TextLinkCreationEditPolicy in [], no license for [com.objectaid.uml.addon]
2013-03-11 00:06:56.731 [main] WARNING com.objectaid.uml.util.EclipseHelper loadClass: cannot find com.objectaid.uml.addon.doc.TextLinkCreationEditPolicy in [], no license for [com.objectaid.uml.addon]
2013-03-11 00:06:56.732 [main] WARNING com.objectaid.uml.util.EclipseHelper loadClass: cannot find com.objectaid.uml.addon.doc.TextLinkCreationEditPolicy in [], no license for [com.objectaid.uml.addon]
2013-03-11 00:06:56.732 [main] WARNING com.objectaid.uml.util.EclipseHelper loadClass: cannot find com.objectaid.uml.addon.doc.TextLinkCreationEditPolicy in [], no license for [com.objectaid.uml.addon]
2013-03-11 00:06:56.736 [main] WARNING com.objectaid.uml.util.EclipseHelper loadClass: cannot find com.objectaid.uml.addon.doc.TextLinkCreationEditPolicy in [], no license for [com.objectaid.uml.addon]
2013-03-11 00:06:56.737 [main] WARNING com.objectaid.uml.util.EclipseHelper loadClass: cannot find com.objectaid.uml.addon.edit.MultiplicityDirectEditPolicy in [], no license for [com.objectaid.uml.addon]
2013-03-11 00:06:56.737 [main] WARNING com.objectaid.uml.util.EclipseHelper loadClass: cannot find com.objectaid.uml.addon.doc.TextLinkCreationEditPolicy in [], no license for [com.objectaid.uml.addon]
2013-03-11 00:06:56.738 [main] WARNING com.objectaid.uml.util.EclipseHelper loadClass: cannot find com.objectaid.uml.addon.edit.MultiplicityDirectEditPolicy in [], no license for [com.objectaid.uml.addon]
2013-03-11 00:06:56.738 [main] WARNING com.objectaid.uml.util.EclipseHelper loadClass: cannot find com.objectaid.uml.addon.doc.TextLinkCreationEditPolicy in [], no license for [com.objectaid.uml.addon]
2013-03-11 00:06:56.739 [main] WARNING com.objectaid.uml.util.EclipseHelper loadClass: cannot find com.objectaid.uml.addon.doc.TextLinkCreationEditPolicy in [], no license for [com.objectaid.uml.addon]
2013-03-11 00:06:56.739 [main] WARNING com.objectaid.uml.util.EclipseHelper loadClass: cannot find com.objectaid.uml.addon.doc.TextLinkCreationEditPolicy in [], no license for [com.objectaid.uml.addon]
2013-03-11 00:06:56.740 [main] WARNING com.objectaid.uml.util.EclipseHelper loadClass: cannot find com.objectaid.uml.addon.doc.TextLinkCreationEditPolicy in [], no license for [com.objectaid.uml.addon]
2013-03-11 00:06:56.740 [main] WARNING com.objectaid.uml.util.EclipseHelper loadClass: cannot find com.objectaid.uml.addon.edit.MultiplicityDirectEditPolicy in [], no license for [com.objectaid.uml.addon]
2013-03-11 00:06:56.740 [main] WARNING com.objectaid.uml.util.EclipseHelper loadClass: cannot find com.objectaid.uml.addon.doc.TextLinkCreationEditPolicy in [], no license for [com.objectaid.uml.addon]
2013-03-11 00:06:56.742 [main] WARNING com.objectaid.uml.util.EclipseHelper loadClass: cannot find com.objectaid.uml.addon.doc.TextLinkCreationEditPolicy in [], no license for [com.objectaid.uml.addon]
2013-03-11 00:06:56.743 [main] WARNING com.objectaid.uml.util.EclipseHelper loadClass: cannot find com.objectaid.uml.addon.doc.TextLinkCreationEditPolicy in [], no license for [com.objectaid.uml.addon]
2013-03-11 00:06:56.743 [main] WARNING com.objectaid.uml.util.EclipseHelper loadClass: cannot find com.objectaid.uml.addon.edit.MultiplicityDirectEditPolicy in [], no license for [com.objectaid.uml.addon]
2013-03-11 00:06:56.744 [main] WARNING com.objectaid.uml.util.EclipseHelper loadClass: cannot find com.objectaid.uml.addon.doc.TextLinkCreationEditPolicy in [], no license for [com.objectaid.uml.addon]
2013-03-11 00:06:56.744 [main] WARNING com.objectaid.uml.util.EclipseHelper loadClass: cannot find com.objectaid.uml.addon.edit.MultiplicityDirectEditPolicy in [], no license for [com.objectaid.uml.addon]
2013-03-11 00:06:56.745 [main] WARNING com.objectaid.uml.util.EclipseHelper loadClass: cannot find com.objectaid.uml.addon.doc.TextLinkCreationEditPolicy in [], no license for [com.objectaid.uml.addon]
2013-03-11 00:06:56.746 [main] WARNING com.objectaid.uml.util.EclipseHelper loadClass: cannot find com.objectaid.uml.addon.doc.TextLinkCreationEditPolicy in [], no license for [com.objectaid.uml.addon]
2013-03-11 00:06:56.746 [main] WARNING com.objectaid.uml.util.EclipseHelper loadClass: cannot find com.objectaid.uml.addon.doc.TextLinkCreationEditPolicy in [], no license for [com.objectaid.uml.addon]
2013-03-11 00:06:56.747 [main] WARNING com.objectaid.uml.util.EclipseHelper loadClass: cannot find com.objectaid.uml.addon.edit.MultiplicityDirectEditPolicy in [], no license for [com.objectaid.uml.addon]
2013-03-11 00:06:56.748 [main] WARNING com.objectaid.uml.util.EclipseHelper loadClass: cannot find com.objectaid.uml.addon.doc.TextLinkCreationEditPolicy in [], no license for [com.objectaid.uml.addon]
2013-03-11 00:06:56.754 [main] WARNING com.objectaid.uml.util.EclipseHelper loadClass: cannot find com.objectaid.uml.addon.doc.TextLinkCreationEditPolicy in [], no license for [com.objectaid.uml.addon]
2013-03-11 00:06:56.755 [main] WARNING com.objectaid.uml.util.EclipseHelper loadClass: cannot find com.objectaid.uml.addon.doc.TextLinkCreationEditPolicy in [], no license for [com.objectaid.uml.addon]
2013-03-11 00:06:56.755 [main] WARNING com.objectaid.uml.util.EclipseHelper loadClass: cannot find com.objectaid.uml.addon.doc.TextLinkCreationEditPolicy in [], no license for [com.objectaid.uml.addon]
2013-03-11 00:06:56.756 [main] WARNING com.objectaid.uml.util.EclipseHelper loadClass: cannot find com.objectaid.uml.addon.doc.TextLinkCreationEditPolicy in [], no license for [com.objectaid.uml.addon]
2013-03-11 00:06:56.757 [main] WARNING com.objectaid.uml.util.EclipseHelper loadClass: cannot find com.objectaid.uml.addon.doc.TextLinkCreationEditPolicy in [], no license for [com.objectaid.uml.addon]
2013-03-11 00:06:56.758 [main] WARNING com.objectaid.uml.util.EclipseHelper loadClass: cannot find com.objectaid.uml.addon.doc.TextLinkCreationEditPolicy in [], no license for [com.objectaid.uml.addon]
2013-03-11 00:06:56.759 [main] WARNING com.objectaid.uml.util.EclipseHelper loadClass: cannot find com.objectaid.uml.addon.doc.TextLinkCreationEditPolicy in [], no license for [com.objectaid.uml.addon]
2013-03-11 00:06:56.759 [main] WARNING com.objectaid.uml.util.EclipseHelper loadClass: cannot find com.objectaid.uml.addon.doc.TextLinkCreationEditPolicy in [], no license for [com.objectaid.uml.addon]
2013-03-11 00:06:56.761 [main] WARNING com.objectaid.uml.util.EclipseHelper loadClass: cannot find com.objectaid.uml.addon.doc.TextLinkCreationEditPolicy in [], no license for [com.objectaid.uml.addon]
2013-03-11 00:06:56.762 [main] WARNING com.objectaid.uml.util.EclipseHelper loadClass: cannot find com.objectaid.uml.addon.edit.MultiplicityDirectEditPolicy in [], no license for [com.objectaid.uml.addon]
2013-03-11 00:06:56.762 [main] WARNING com.objectaid.uml.util.EclipseHelper loadClass: cannot find com.objectaid.uml.addon.doc.TextLinkCreationEditPolicy in [], no license for [com.objectaid.uml.addon]
2013-03-11 00:06:56.763 [main] WARNING com.objectaid.uml.util.EclipseHelper loadClass: cannot find com.objectaid.uml.addon.doc.TextLinkCreationEditPolicy in [], no license for [com.objectaid.uml.addon]
2013-03-11 00:06:56.764 [main] WARNING com.objectaid.uml.util.EclipseHelper loadClass: cannot find com.objectaid.uml.addon.doc.TextLinkCreationEditPolicy in [], no license for [com.objectaid.uml.addon]
2013-03-11 00:06:56.764 [main] WARNING com.objectaid.uml.util.EclipseHelper loadClass: cannot find com.objectaid.uml.addon.doc.TextLinkCreationEditPolicy in [], no license for [com.objectaid.uml.addon]
2013-03-11 00:06:56.765 [main] WARNING com.objectaid.uml.util.EclipseHelper loadClass: cannot find com.objectaid.uml.addon.edit.MultiplicityDirectEditPolicy in [], no license for [com.objectaid.uml.addon]
2013-03-11 00:06:56.766 [main] WARNING com.objectaid.uml.util.EclipseHelper loadClass: cannot find com.objectaid.uml.addon.doc.TextLinkCreationEditPolicy in [], no license for [com.objectaid.uml.addon]
2013-03-11 00:06:56.772 [main] WARNING com.objectaid.uml.util.EclipseHelper loadClass: cannot find com.objectaid.uml.addon.doc.TextLinkCreationEditPolicy in [], no license for [com.objectaid.uml.addon]
2013-03-11 00:06:56.774 [main] WARNING com.objectaid.uml.util.EclipseHelper loadClass: cannot find com.objectaid.uml.addon.edit.MultiplicityDirectEditPolicy in [], no license for [com.objectaid.uml.addon]
2013-03-11 00:06:56.775 [main] WARNING com.objectaid.uml.util.EclipseHelper loadClass: cannot find com.objectaid.uml.addon.doc.TextLinkCreationEditPolicy in [], no license for [com.objectaid.uml.addon]
2013-03-11 00:06:56.776 [main] WARNING com.objectaid.uml.util.EclipseHelper loadClass: cannot find com.objectaid.uml.addon.edit.MultiplicityDirectEditPolicy in [], no license for [com.objectaid.uml.addon]
2013-03-11 00:06:56.777 [main] WARNING com.objectaid.uml.util.EclipseHelper loadClass: cannot find com.objectaid.uml.addon.doc.TextLinkCreationEditPolicy in [], no license for [com.objectaid.uml.addon]
2013-03-11 00:06:56.797 [main] WARNING com.objectaid.uml.util.EclipseHelper loadClass: cannot find com.objectaid.uml.addon.doc.TextLinkCreationEditPolicy in [], no license for [com.objectaid.uml.addon]
2013-03-11 00:06:56.798 [main] WARNING com.objectaid.uml.util.EclipseHelper loadClass: cannot find com.objectaid.uml.addon.edit.MultiplicityDirectEditPolicy in [], no license for [com.objectaid.uml.addon]
2013-03-11 00:06:56.798 [main] WARNING com.objectaid.uml.util.EclipseHelper loadClass: cannot find com.objectaid.uml.addon.doc.TextLinkCreationEditPolicy in [], no license for [com.objectaid.uml.addon]
2013-03-11 00:06:56.799 [main] WARNING com.objectaid.uml.util.EclipseHelper loadClass: cannot find com.objectaid.uml.addon.edit.MultiplicityDirectEditPolicy in [], no license for [com.objectaid.uml.addon]
2013-03-11 00:06:56.799 [main] WARNING com.objectaid.uml.util.EclipseHelper loadClass: cannot find com.objectaid.uml.addon.doc.TextLinkCreationEditPolicy in [], no license for [com.objectaid.uml.addon]
2013-03-11 00:06:56.800 [main] WARNING com.objectaid.uml.util.EclipseHelper loadClass: cannot find com.objectaid.uml.addon.edit.MultiplicityDirectEditPolicy in [], no license for [com.objectaid.uml.addon]
2013-03-11 00:06:56.800 [main] WARNING com.objectaid.uml.util.EclipseHelper loadClass: cannot find com.objectaid.uml.addon.doc.TextLinkCreationEditPolicy in [], no license for [com.objectaid.uml.addon]
2013-03-11 00:06:56.801 [main] WARNING com.objectaid.uml.util.EclipseHelper loadClass: cannot find com.objectaid.uml.addon.edit.MultiplicityDirectEditPolicy in [], no license for [com.objectaid.uml.addon]
2013-03-11 00:06:56.801 [main] WARNING com.objectaid.uml.util.EclipseHelper loadClass: cannot find com.objectaid.uml.addon.doc.TextLinkCreationEditPolicy in [], no license for [com.objectaid.uml.addon]
2013-03-11 00:06:56.801 [main] WARNING com.objectaid.uml.util.EclipseHelper loadClass: cannot find com.objectaid.uml.addon.edit.MultiplicityDirectEditPolicy in [], no license for [com.objectaid.uml.addon]
2013-03-11 00:06:56.802 [main] WARNING com.objectaid.uml.util.EclipseHelper loadClass: cannot find com.objectaid.uml.addon.doc.TextLinkCreationEditPolicy in [], no license for [com.objectaid.uml.addon]
2013-03-11 00:06:56.802 [main] WARNING com.objectaid.uml.util.EclipseHelper loadClass: cannot find com.objectaid.uml.addon.edit.MultiplicityDirectEditPolicy in [], no license for [com.objectaid.uml.addon]
2013-03-11 00:06:56.803 [main] WARNING com.objectaid.uml.util.EclipseHelper loadClass: cannot find com.objectaid.uml.addon.doc.TextLinkCreationEditPolicy in [], no license for [com.objectaid.uml.addon]
2013-03-11 00:06:56.803 [main] WARNING com.objectaid.uml.util.EclipseHelper loadClass: cannot find com.objectaid.uml.addon.edit.MultiplicityDirectEditPolicy in [], no license for [com.objectaid.uml.addon]
2013-03-11 00:06:56.804 [main] WARNING com.objectaid.uml.util.EclipseHelper loadClass: cannot find com.objectaid.uml.addon.doc.TextLinkCreationEditPolicy in [], no license for [com.objectaid.uml.addon]
2013-03-11 00:06:56.811 [main] WARNING com.objectaid.uml.util.EclipseHelper loadClass: cannot find com.objectaid.uml.addon.doc.TextLinkCreationEditPolicy in [], no license for [com.objectaid.uml.addon]
2013-03-11 00:06:56.812 [main] WARNING com.objectaid.uml.util.EclipseHelper loadClass: cannot find com.objectaid.uml.addon.edit.MultiplicityDirectEditPolicy in [], no license for [com.objectaid.uml.addon]
2013-03-11 00:06:56.812 [main] WARNING com.objectaid.uml.util.EclipseHelper loadClass: cannot find com.objectaid.uml.addon.doc.TextLinkCreationEditPolicy in [], no license for [com.objectaid.uml.addon]
2013-03-11 00:06:56.813 [main] WARNING com.objectaid.uml.util.EclipseHelper loadClass: cannot find com.objectaid.uml.addon.edit.MultiplicityDirectEditPolicy in [], no license for [com.objectaid.uml.addon]
2013-03-11 00:06:56.817 [main] WARNING com.objectaid.uml.util.EclipseHelper loadClass: cannot find com.objectaid.uml.addon.doc.TextLinkCreationEditPolicy in [], no license for [com.objectaid.uml.addon]
2013-03-11 00:06:56.817 [main] WARNING com.objectaid.uml.util.EclipseHelper loadClass: cannot find com.objectaid.uml.addon.doc.TextLinkCreationEditPolicy in [], no license for [com.objectaid.uml.addon]
2013-03-11 00:06:56.818 [main] WARNING com.objectaid.uml.util.EclipseHelper loadClass: cannot find com.objectaid.uml.addon.doc.TextLinkCreationEditPolicy in [], no license for [com.objectaid.uml.addon]
2013-03-11 00:06:56.818 [main] WARNING com.objectaid.uml.util.EclipseHelper loadClass: cannot find com.objectaid.uml.addon.doc.TextLinkCreationEditPolicy in [], no license for [com.objectaid.uml.addon]
2013-03-11 00:06:56.818 [main] WARNING com.objectaid.uml.util.EclipseHelper loadClass: cannot find com.objectaid.uml.addon.doc.TextLinkCreationEditPolicy in [], no license for [com.objectaid.uml.addon]
2013-03-11 00:06:56.826 [main] WARNING com.objectaid.uml.util.EclipseHelper loadClass: cannot find com.objectaid.uml.addon.doc.TextLinkCreationEditPolicy in [], no license for [com.objectaid.uml.addon]
2013-03-11 00:06:56.827 [main] WARNING com.objectaid.uml.util.EclipseHelper loadClass: cannot find com.objectaid.uml.addon.doc.TextLinkCreationEditPolicy in [], no license for [com.objectaid.uml.addon]
2013-03-11 00:06:56.828 [main] WARNING com.objectaid.uml.util.EclipseHelper loadClass: cannot find com.objectaid.uml.addon.doc.TextLinkCreationEditPolicy in [], no license for [com.objectaid.uml.addon]
2013-03-11 00:06:56.828 [main] WARNING com.objectaid.uml.util.EclipseHelper loadClass: cannot find com.objectaid.uml.addon.doc.TextLinkCreationEditPolicy in [], no license for [com.objectaid.uml.addon]
2013-03-11 00:06:56.828 [main] WARNING com.objectaid.uml.util.EclipseHelper loadClass: cannot find com.objectaid.uml.addon.doc.TextLinkCreationEditPolicy in [], no license for [com.objectaid.uml.addon]
2013-03-11 00:06:56.829 [main] WARNING com.objectaid.uml.util.EclipseHelper loadClass: cannot find com.objectaid.uml.addon.doc.TextLinkCreationEditPolicy in [], no license for [com.objectaid.uml.addon]
2013-03-11 00:06:56.830 [main] WARNING com.objectaid.uml.util.EclipseHelper loadClass: cannot find com.objectaid.uml.addon.doc.TextLinkCreationEditPolicy in [], no license for [com.objectaid.uml.addon]
2013-03-11 00:06:56.830 [main] WARNING com.objectaid.uml.util.EclipseHelper loadClass: cannot find com.objectaid.uml.addon.doc.TextLinkCreationEditPolicy in [], no license for [com.objectaid.uml.addon]
2013-03-11 00:06:56.830 [main] WARNING com.objectaid.uml.util.EclipseHelper loadClass: cannot find com.objectaid.uml.addon.doc.TextLinkCreationEditPolicy in [], no license for [com.objectaid.uml.addon]
2013-03-11 00:06:56.831 [main] WARNING com.objectaid.uml.util.EclipseHelper loadClass: cannot find com.objectaid.uml.addon.doc.TextLinkCreationEditPolicy in [], no license for [com.objectaid.uml.addon]
2013-03-11 00:06:56.831 [main] WARNING com.objectaid.uml.util.EclipseHelper loadClass: cannot find com.objectaid.uml.addon.doc.TextLinkCreationEditPolicy in [], no license for [com.objectaid.uml.addon]
2013-03-11 00:06:56.832 [main] WARNING com.objectaid.uml.util.EclipseHelper loadClass: cannot find com.objectaid.uml.addon.doc.TextLinkCreationEditPolicy in [], no license for [com.objectaid.uml.addon]
2013-03-11 00:06:56.832 [main] WARNING com.objectaid.uml.util.EclipseHelper loadClass: cannot find com.objectaid.uml.addon.doc.TextLinkCreationEditPolicy in [], no license for [com.objectaid.uml.addon]
2013-03-11 00:06:56.834 [main] WARNING com.objectaid.uml.util.EclipseHelper loadClass: cannot find com.objectaid.uml.addon.doc.TextLinkCreationEditPolicy in [], no license for [com.objectaid.uml.addon]
2013-03-11 00:06:56.835 [main] WARNING com.objectaid.uml.util.EclipseHelper loadClass: cannot find com.objectaid.uml.addon.doc.TextLinkCreationEditPolicy in [], no license for [com.objectaid.uml.addon]
2013-03-11 00:06:56.835 [main] WARNING com.objectaid.uml.util.EclipseHelper loadClass: cannot find com.objectaid.uml.addon.doc.TextLinkCreationEditPolicy in [], no license for [com.objectaid.uml.addon]
2013-03-11 00:06:56.836 [main] WARNING com.objectaid.uml.util.EclipseHelper loadClass: cannot find com.objectaid.uml.addon.doc.TextLinkCreationEditPolicy in [], no license for [com.objectaid.uml.addon]
2013-03-11 00:06:56.837 [main] WARNING com.objectaid.uml.util.EclipseHelper loadClass: cannot find com.objectaid.uml.addon.doc.TextLinkCreationEditPolicy in [], no license for [com.objectaid.uml.addon]
2013-03-11 00:06:56.838 [main] WARNING com.objectaid.uml.util.EclipseHelper loadClass: cannot find com.objectaid.uml.addon.doc.TextLinkCreationEditPolicy in [], no license for [com.objectaid.uml.addon]
2013-03-11 00:06:56.838 [main] WARNING com.objectaid.uml.util.EclipseHelper loadClass: cannot find com.objectaid.uml.addon.doc.TextLinkCreationEditPolicy in [], no license for [com.objectaid.uml.addon]
2013-03-11 00:06:56.839 [main] WARNING com.objectaid.uml.util.EclipseHelper loadClass: cannot find com.objectaid.uml.addon.edit.MultiplicityDirectEditPolicy in [], no license for [com.objectaid.uml.addon]
2013-03-11 00:06:56.839 [main] WARNING com.objectaid.uml.util.EclipseHelper loadClass: cannot find com.objectaid.uml.addon.doc.TextLinkCreationEditPolicy in [], no license for [com.objectaid.uml.addon]
2013-03-11 00:06:56.840 [main] WARNING com.objectaid.uml.util.EclipseHelper loadClass: cannot find com.objectaid.uml.addon.doc.TextLinkCreationEditPolicy in [], no license for [com.objectaid.uml.addon]
2013-03-11 00:06:56.841 [main] WARNING com.objectaid.uml.util.EclipseHelper loadClass: cannot find com.objectaid.uml.addon.doc.TextLinkCreationEditPolicy in [], no license for [com.objectaid.uml.addon]
2013-03-11 00:06:56.842 [main] WARNING com.objectaid.uml.util.EclipseHelper loadClass: cannot find com.objectaid.uml.addon.doc.TextLinkCreationEditPolicy in [], no license for [com.objectaid.uml.addon]
2013-03-11 00:06:56.843 [main] WARNING com.objectaid.uml.util.EclipseHelper loadClass: cannot find com.objectaid.uml.addon.edit.MultiplicityDirectEditPolicy in [], no license for [com.objectaid.uml.addon]
2013-03-11 00:06:56.843 [main] WARNING com.objectaid.uml.util.EclipseHelper loadClass: cannot find com.objectaid.uml.addon.doc.TextLinkCreationEditPolicy in [], no license for [com.objectaid.uml.addon]
2013-03-11 00:06:56.845 [main] WARNING com.objectaid.uml.util.EclipseHelper loadClass: cannot find com.objectaid.uml.addon.doc.TextLinkCreationEditPolicy in [], no license for [com.objectaid.uml.addon]
2013-03-11 00:06:56.845 [main] WARNING com.objectaid.uml.util.EclipseHelper loadClass: cannot find com.objectaid.uml.addon.edit.MultiplicityDirectEditPolicy in [], no license for [com.objectaid.uml.addon]
2013-03-11 00:06:56.846 [main] WARNING com.objectaid.uml.util.EclipseHelper loadClass: cannot find com.objectaid.uml.addon.doc.TextLinkCreationEditPolicy in [], no license for [com.objectaid.uml.addon]
2013-03-11 00:06:56.847 [main] WARNING com.objectaid.uml.util.EclipseHelper loadClass: cannot find com.objectaid.uml.addon.doc.TextLinkCreationEditPolicy in [], no license for [com.objectaid.uml.addon]
2013-03-11 00:06:56.847 [main] WARNING com.objectaid.uml.util.EclipseHelper loadClass: cannot find com.objectaid.uml.addon.edit.MultiplicityDirectEditPolicy in [], no license for [com.objectaid.uml.addon]
2013-03-11 00:06:56.847 [main] WARNING com.objectaid.uml.util.EclipseHelper loadClass: cannot find com.objectaid.uml.addon.doc.TextLinkCreationEditPolicy in [], no license for [com.objectaid.uml.addon]
2013-03-11 00:06:56.848 [main] WARNING com.objectaid.uml.util.EclipseHelper loadClass: cannot find com.objectaid.uml.addon.doc.TextLinkCreationEditPolicy in [], no license for [com.objectaid.uml.addon]
2013-03-11 00:06:56.849 [main] WARNING com.objectaid.uml.util.EclipseHelper loadClass: cannot find com.objectaid.uml.addon.doc.TextLinkCreationEditPolicy in [], no license for [com.objectaid.uml.addon]
2013-03-11 00:06:56.850 [main] WARNING com.objectaid.uml.util.EclipseHelper loadClass: cannot find com.objectaid.uml.addon.doc.TextLinkCreationEditPolicy in [], no license for [com.objectaid.uml.addon]
2013-03-11 00:06:56.851 [main] WARNING com.objectaid.uml.util.EclipseHelper loadClass: cannot find com.objectaid.uml.addon.doc.TextLinkCreationEditPolicy in [], no license for [com.objectaid.uml.addon]
2013-03-11 00:06:56.866 [main] WARNING com.objectaid.uml.util.EclipseHelper loadClass: cannot find com.objectaid.uml.addon.doc.TextLinkCreationEditPolicy in [], no license for [com.objectaid.uml.addon]
2013-03-11 00:06:56.867 [main] WARNING com.objectaid.uml.util.EclipseHelper loadClass: cannot find com.objectaid.uml.addon.edit.MultiplicityDirectEditPolicy in [], no license for [com.objectaid.uml.addon]
2013-03-11 00:06:56.867 [main] WARNING com.objectaid.uml.util.EclipseHelper loadClass: cannot find com.objectaid.uml.addon.doc.TextLinkCreationEditPolicy in [], no license for [com.objectaid.uml.addon]
2013-03-11 00:06:56.868 [main] WARNING com.objectaid.uml.util.EclipseHelper loadClass: cannot find com.objectaid.uml.addon.edit.MultiplicityDirectEditPolicy in [], no license for [com.objectaid.uml.addon]
2013-03-11 00:06:56.868 [main] WARNING com.objectaid.uml.util.EclipseHelper loadClass: cannot find com.objectaid.uml.addon.doc.TextLinkCreationEditPolicy in [], no license for [com.objectaid.uml.addon]
2013-03-11 00:06:56.868 [main] WARNING com.objectaid.uml.util.EclipseHelper loadClass: cannot find com.objectaid.uml.addon.doc.TextLinkCreationEditPolicy in [], no license for [com.objectaid.uml.addon]
2013-03-11 00:06:56.869 [main] WARNING com.objectaid.uml.util.EclipseHelper loadClass: cannot find com.objectaid.uml.addon.edit.MultiplicityDirectEditPolicy in [], no license for [com.objectaid.uml.addon]
2013-03-11 00:06:56.869 [main] WARNING com.objectaid.uml.util.EclipseHelper loadClass: cannot find com.objectaid.uml.addon.doc.TextLinkCreationEditPolicy in [], no license for [com.objectaid.uml.addon]
2013-03-11 00:06:56.870 [main] WARNING com.objectaid.uml.util.EclipseHelper loadClass: cannot find com.objectaid.uml.addon.doc.TextLinkCreationEditPolicy in [], no license for [com.objectaid.uml.addon]
2013-03-11 00:06:56.871 [main] WARNING com.objectaid.uml.util.EclipseHelper loadClass: cannot find com.objectaid.uml.addon.doc.TextLinkCreationEditPolicy in [], no license for [com.objectaid.uml.addon]
2013-03-11 00:06:56.872 [main] WARNING com.objectaid.uml.util.EclipseHelper loadClass: cannot find com.objectaid.uml.addon.doc.TextLinkCreationEditPolicy in [], no license for [com.objectaid.uml.addon]
2013-03-11 00:06:56.873 [main] WARNING com.objectaid.uml.util.EclipseHelper loadClass: cannot find com.objectaid.uml.addon.edit.MultiplicityDirectEditPolicy in [], no license for [com.objectaid.uml.addon]
2013-03-11 00:06:56.873 [main] WARNING com.objectaid.uml.util.EclipseHelper loadClass: cannot find com.objectaid.uml.addon.doc.TextLinkCreationEditPolicy in [], no license for [com.objectaid.uml.addon]
2013-03-11 00:06:56.874 [main] WARNING com.objectaid.uml.util.EclipseHelper loadClass: cannot find com.objectaid.uml.addon.doc.TextLinkCreationEditPolicy in [], no license for [com.objectaid.uml.addon]
2013-03-11 00:06:56.875 [main] WARNING com.objectaid.uml.util.EclipseHelper loadClass: cannot find com.objectaid.uml.addon.doc.TextLinkCreationEditPolicy in [], no license for [com.objectaid.uml.addon]
2013-03-11 00:06:56.876 [main] WARNING com.objectaid.uml.util.EclipseHelper loadClass: cannot find com.objectaid.uml.addon.doc.TextLinkCreationEditPolicy in [], no license for [com.objectaid.uml.addon]
2013-03-11 00:06:56.876 [main] WARNING com.objectaid.uml.util.EclipseHelper loadClass: cannot find com.objectaid.uml.addon.edit.MultiplicityDirectEditPolicy in [], no license for [com.objectaid.uml.addon]
2013-03-11 00:06:56.876 [main] WARNING com.objectaid.uml.util.EclipseHelper loadClass: cannot find com.objectaid.uml.addon.doc.TextLinkCreationEditPolicy in [], no license for [com.objectaid.uml.addon]
2013-03-11 00:06:56.877 [main] WARNING com.objectaid.uml.util.EclipseHelper loadClass: cannot find com.objectaid.uml.addon.doc.TextLinkCreationEditPolicy in [], no license for [com.objectaid.uml.addon]
2013-03-11 00:06:56.877 [main] WARNING com.objectaid.uml.util.EclipseHelper loadClass: cannot find com.objectaid.uml.addon.doc.TextLinkCreationEditPolicy in [], no license for [com.objectaid.uml.addon]
2013-03-11 00:06:56.877 [main] WARNING com.objectaid.uml.util.EclipseHelper loadClass: cannot find com.objectaid.uml.addon.doc.TextLinkCreationEditPolicy in [], no license for [com.objectaid.uml.addon]
2013-03-11 00:06:56.878 [main] WARNING com.objectaid.uml.util.EclipseHelper loadClass: cannot find com.objectaid.uml.addon.doc.TextLinkCreationEditPolicy in [], no license for [com.objectaid.uml.addon]
2013-03-11 00:06:56.878 [main] WARNING com.objectaid.uml.util.EclipseHelper loadClass: cannot find com.objectaid.uml.addon.doc.TextLinkCreationEditPolicy in [], no license for [com.objectaid.uml.addon]
2013-03-11 00:06:56.880 [main] WARNING com.objectaid.uml.util.EclipseHelper loadClass: cannot find com.objectaid.uml.addon.doc.TextLinkCreationEditPolicy in [], no license for [com.objectaid.uml.addon]
2013-03-11 00:06:56.881 [main] WARNING com.objectaid.uml.util.EclipseHelper loadClass: cannot find com.objectaid.uml.addon.doc.TextLinkCreationEditPolicy in [], no license for [com.objectaid.uml.addon]
2013-03-11 00:06:56.882 [main] WARNING com.objectaid.uml.util.EclipseHelper loadClass: cannot find com.objectaid.uml.addon.doc.TextLinkCreationEditPolicy in [], no license for [com.objectaid.uml.addon]
2013-03-11 00:06:56.884 [main] WARNING com.objectaid.uml.util.EclipseHelper loadClass: cannot find com.objectaid.uml.addon.doc.TextLinkCreationEditPolicy in [], no license for [com.objectaid.uml.addon]
2013-03-11 00:06:56.885 [main] WARNING com.objectaid.uml.util.EclipseHelper loadClass: cannot find com.objectaid.uml.addon.doc.TextLinkCreationEditPolicy in [], no license for [com.objectaid.uml.addon]
2013-03-11 00:06:56.886 [main] WARNING com.objectaid.uml.util.EclipseHelper loadClass: cannot find com.objectaid.uml.addon.doc.TextLinkCreationEditPolicy in [], no license for [com.objectaid.uml.addon]
2013-03-11 00:06:56.887 [main] WARNING com.objectaid.uml.util.EclipseHelper loadClass: cannot find com.objectaid.uml.addon.doc.TextLinkCreationEditPolicy in [], no license for [com.objectaid.uml.addon]
2013-03-11 00:06:56.888 [main] WARNING com.objectaid.uml.util.EclipseHelper loadClass: cannot find com.objectaid.uml.addon.edit.MultiplicityDirectEditPolicy in [], no license for [com.objectaid.uml.addon]
2013-03-11 00:06:56.888 [main] WARNING com.objectaid.uml.util.EclipseHelper loadClass: cannot find com.objectaid.uml.addon.doc.TextLinkCreationEditPolicy in [], no license for [com.objectaid.uml.addon]
2013-03-11 00:06:56.889 [main] WARNING com.objectaid.uml.util.EclipseHelper loadClass: cannot find com.objectaid.uml.addon.doc.TextLinkCreationEditPolicy in [], no license for [com.objectaid.uml.addon]
2013-03-11 00:06:56.890 [main] WARNING com.objectaid.uml.util.EclipseHelper loadClass: cannot find com.objectaid.uml.addon.doc.TextLinkCreationEditPolicy in [], no license for [com.objectaid.uml.addon]
2013-03-11 00:06:56.891 [main] WARNING com.objectaid.uml.util.EclipseHelper loadClass: cannot find com.objectaid.uml.addon.doc.TextLinkCreationEditPolicy in [], no license for [com.objectaid.uml.addon]
2013-03-11 00:06:56.891 [main] WARNING com.objectaid.uml.util.EclipseHelper loadClass: cannot find com.objectaid.uml.addon.doc.TextLinkCreationEditPolicy in [], no license for [com.objectaid.uml.addon]
2013-03-11 00:06:56.896 [main] WARNING com.objectaid.uml.util.EclipseHelper loadClass: cannot find com.objectaid.uml.addon.doc.TextLinkCreationEditPolicy in [], no license for [com.objectaid.uml.addon]
2013-03-11 00:06:56.897 [main] WARNING com.objectaid.uml.util.EclipseHelper loadClass: cannot find com.objectaid.uml.addon.doc.TextLinkCreationEditPolicy in [], no license for [com.objectaid.uml.addon]
2013-03-11 00:06:56.898 [main] WARNING com.objectaid.uml.util.EclipseHelper loadClass: cannot find com.objectaid.uml.addon.doc.TextLinkCreationEditPolicy in [], no license for [com.objectaid.uml.addon]
2013-03-11 00:06:56.899 [main] WARNING com.objectaid.uml.util.EclipseHelper loadClass: cannot find com.objectaid.uml.addon.doc.TextLinkCreationEditPolicy in [], no license for [com.objectaid.uml.addon]
2013-03-11 00:06:56.900 [main] WARNING com.objectaid.uml.util.EclipseHelper loadClass: cannot find com.objectaid.uml.addon.doc.TextLinkCreationEditPolicy in [], no license for [com.objectaid.uml.addon]
2013-03-11 00:06:56.900 [main] WARNING com.objectaid.uml.util.EclipseHelper loadClass: cannot find com.objectaid.uml.addon.doc.TextLinkCreationEditPolicy in [], no license for [com.objectaid.uml.addon]
2013-03-11 00:06:56.902 [main] WARNING com.objectaid.uml.util.EclipseHelper loadClass: cannot find com.objectaid.uml.addon.doc.TextLinkCreationEditPolicy in [], no license for [com.objectaid.uml.addon]
2013-03-11 00:06:56.902 [main] WARNING com.objectaid.uml.util.EclipseHelper loadClass: cannot find com.objectaid.uml.addon.doc.TextLinkCreationEditPolicy in [], no license for [com.objectaid.uml.addon]
2013-03-11 00:06:56.902 [main] WARNING com.objectaid.uml.util.EclipseHelper loadClass: cannot find com.objectaid.uml.addon.doc.TextLinkCreationEditPolicy in [], no license for [com.objectaid.uml.addon]
2013-03-11 00:06:56.903 [main] WARNING com.objectaid.uml.util.EclipseHelper loadClass: cannot find com.objectaid.uml.addon.doc.TextLinkCreationEditPolicy in [], no license for [com.objectaid.uml.addon]
2013-03-11 00:06:56.903 [main] WARNING com.objectaid.uml.util.EclipseHelper loadClass: cannot find com.objectaid.uml.addon.doc.TextLinkCreationEditPolicy in [], no license for [com.objectaid.uml.addon]
2013-03-11 00:06:56.904 [main] WARNING com.objectaid.uml.util.EclipseHelper loadClass: cannot find com.objectaid.uml.addon.doc.TextLinkCreationEditPolicy in [], no license for [com.objectaid.uml.addon]
2013-03-11 00:06:56.904 [main] WARNING com.objectaid.uml.util.EclipseHelper loadClass: cannot find com.objectaid.uml.addon.doc.TextLinkCreationEditPolicy in [], no license for [com.objectaid.uml.addon]
2013-03-11 00:06:56.905 [main] WARNING com.objectaid.uml.util.EclipseHelper loadClass: cannot find com.objectaid.uml.addon.doc.TextLinkCreationEditPolicy in [], no license for [com.objectaid.uml.addon]
2013-03-11 00:06:56.907 [main] WARNING com.objectaid.uml.util.EclipseHelper loadClass: cannot find com.objectaid.uml.addon.doc.TextLinkCreationEditPolicy in [], no license for [com.objectaid.uml.addon]
2013-03-11 00:06:56.908 [main] WARNING com.objectaid.uml.util.EclipseHelper loadClass: cannot find com.objectaid.uml.addon.doc.TextLinkCreationEditPolicy in [], no license for [com.objectaid.uml.addon]
2013-03-11 00:06:56.909 [main] WARNING com.objectaid.uml.util.EclipseHelper loadClass: cannot find com.objectaid.uml.addon.doc.TextLinkCreationEditPolicy in [], no license for [com.objectaid.uml.addon]
2013-03-11 00:06:56.910 [main] WARNING com.objectaid.uml.util.EclipseHelper loadClass: cannot find com.objectaid.uml.addon.doc.TextLinkCreationEditPolicy in [], no license for [com.objectaid.uml.addon]
